<?xml version="1.0" encoding="UTF-8"?>
<!-- Generated by org.testng.reporters.JUnitReportReporter -->
<testsuite hostname="E916LTRV" name="tests.TestScripts" tests="3" failures="0" timestamp="27 Aug 2019 04:39:15 GMT" time="0.528" errors="0">
  <testcase name="callHomePage" time="0.062" classname="tests.TestScripts"/>
  <testcase name="verifyURL" time="0.019" classname="tests.TestScripts"/>
  <testcase name="callLoginPage" time="0.447" classname="tests.TestScripts"/>
</testsuite> <!-- tests.TestScripts -->
