<?xml version="1.0" encoding="UTF-8"?>
<!-- Generated by org.testng.reporters.JUnitReportReporter -->
<testsuite hostname="E916LTRV" name="tests.TestNgMavenExampleTest" tests="1" failures="0" timestamp="26 Aug 2019 09:16:58 GMT" time="0.010" errors="0">
  <testcase name="exampleOfTestNgMaven" time="0.010" classname="tests.TestNgMavenExampleTest"/>
</testsuite> <!-- tests.TestNgMavenExampleTest -->
